2024-11-14T06:21:39.305+03:00  INFO 11384 --- [makay] [main] com.app.makay.MakayApplication           : Starting MakayApplication v0.0.1-SNAPSHOT using Java 17.0.2 with PID 11384 (D:\Eriq_RohWeltall\Assigns\Stage\livrables\bin\makay-0.0.1-SNAPSHOT.jar started by iqhim in D:\Eriq_RohWeltall\Assigns\Stage\livrables)
2024-11-14T06:21:39.339+03:00  INFO 11384 --- [makay] [main] com.app.makay.MakayApplication           : No active profile set, falling back to 1 default profile: "default"
2024-11-14T06:21:42.691+03:00  INFO 11384 --- [makay] [main] o.s.b.w.embedded.tomcat.TomcatWebServer  : Tomcat initialized with port 8080 (http)
2024-11-14T06:21:42.711+03:00  INFO 11384 --- [makay] [main] o.apache.catalina.core.StandardService   : Starting service [Tomcat]
2024-11-14T06:21:42.711+03:00  INFO 11384 --- [makay] [main] o.apache.catalina.core.StandardEngine    : Starting Servlet engine: [Apache Tomcat/10.1.26]
2024-11-14T06:21:42.771+03:00  INFO 11384 --- [makay] [main] o.a.c.c.C.[Tomcat].[localhost].[/]       : Initializing Spring embedded WebApplicationContext
2024-11-14T06:21:42.773+03:00  INFO 11384 --- [makay] [main] w.s.c.ServletWebServerApplicationContext : Root WebApplicationContext: initialization completed in 3187 ms
2024-11-14T06:21:44.616+03:00  INFO 11384 --- [makay] [main] o.s.b.w.embedded.tomcat.TomcatWebServer  : Tomcat started on port 8080 (http) with context path '/'
2024-11-14T06:21:44.616+03:00  INFO 11384 --- [makay] [main] o.s.m.s.b.SimpleBrokerMessageHandler     : Starting...
2024-11-14T06:21:44.624+03:00  INFO 11384 --- [makay] [main] o.s.m.s.b.SimpleBrokerMessageHandler     : BrokerAvailabilityEvent[available=true, SimpleBrokerMessageHandler [org.springframework.messaging.simp.broker.DefaultSubscriptionRegistry@21de60a7]]
2024-11-14T06:21:44.624+03:00  INFO 11384 --- [makay] [main] o.s.m.s.b.SimpleBrokerMessageHandler     : Started.
2024-11-14T06:21:44.647+03:00  INFO 11384 --- [makay] [main] com.app.makay.MakayApplication           : Started MakayApplication in 7.23 seconds (process running for 8.467)
2024-11-14T06:22:08.315+03:00  INFO 11384 --- [makay] [http-nio-8080-exec-1] o.a.c.c.C.[Tomcat].[localhost].[/]       : Initializing Spring DispatcherServlet 'dispatcherServlet'
2024-11-14T06:22:08.315+03:00  INFO 11384 --- [makay] [http-nio-8080-exec-1] o.s.web.servlet.DispatcherServlet        : Initializing Servlet 'dispatcherServlet'
2024-11-14T06:22:08.315+03:00  INFO 11384 --- [makay] [http-nio-8080-exec-1] o.s.web.servlet.DispatcherServlet        : Completed initialization in 0 ms
2024-11-14T06:22:44.619+03:00  INFO 11384 --- [makay] [MessageBroker-1] o.s.w.s.c.WebSocketMessageBrokerStats    : WebSocketSession[2 current WS(2)-HttpStream(0)-HttpPoll(0), 2 total, 0 closed abnormally (0 connect failure, 0 send limit, 0 transport error)], stompSubProtocol[processed CONNECT(2)-CONNECTED(2)-DISCONNECT(0)], stompBrokerRelay[null], inboundChannel[pool size = 24, active threads = 0, queued tasks = 0, completed tasks = 24], outboundChannel[pool size = 2, active threads = 0, queued tasks = 0, completed tasks = 2], sockJsScheduler[pool size = 1, active threads = 1, queued tasks = 0, completed tasks = 0]
2024-11-14T06:34:34.094+03:00  INFO 11384 --- [makay] [SpringApplicationShutdownHook] o.s.m.s.b.SimpleBrokerMessageHandler     : Stopping...
2024-11-14T06:34:34.095+03:00  INFO 11384 --- [makay] [SpringApplicationShutdownHook] o.s.m.s.b.SimpleBrokerMessageHandler     : BrokerAvailabilityEvent[available=false, SimpleBrokerMessageHandler [org.springframework.messaging.simp.broker.DefaultSubscriptionRegistry@21de60a7]]
2024-11-14T06:34:34.096+03:00  INFO 11384 --- [makay] [SpringApplicationShutdownHook] o.s.m.s.b.SimpleBrokerMessageHandler     : Stopped.
2024-11-14T07:18:50.790+03:00  INFO 11496 --- [makay] [main] com.app.makay.MakayApplication           : Starting MakayApplication v0.0.1-SNAPSHOT using Java 17.0.2 with PID 11496 (D:\Eriq_RohWeltall\Assigns\Stage\livrables\bin\makay-0.0.1-SNAPSHOT.jar started by iqhim in D:\Eriq_RohWeltall\Assigns\Stage\livrables)
2024-11-14T07:18:50.802+03:00  INFO 11496 --- [makay] [main] com.app.makay.MakayApplication           : No active profile set, falling back to 1 default profile: "default"
2024-11-14T07:18:51.788+03:00  INFO 11496 --- [makay] [main] o.s.b.w.embedded.tomcat.TomcatWebServer  : Tomcat initialized with port 8080 (http)
2024-11-14T07:18:51.799+03:00  INFO 11496 --- [makay] [main] o.apache.catalina.core.StandardService   : Starting service [Tomcat]
2024-11-14T07:18:51.799+03:00  INFO 11496 --- [makay] [main] o.apache.catalina.core.StandardEngine    : Starting Servlet engine: [Apache Tomcat/10.1.26]
2024-11-14T07:18:51.840+03:00  INFO 11496 --- [makay] [main] o.a.c.c.C.[Tomcat].[localhost].[/]       : Initializing Spring embedded WebApplicationContext
2024-11-14T07:18:51.841+03:00  INFO 11496 --- [makay] [main] w.s.c.ServletWebServerApplicationContext : Root WebApplicationContext: initialization completed in 970 ms
2024-11-14T07:18:52.796+03:00  INFO 11496 --- [makay] [main] o.s.b.w.embedded.tomcat.TomcatWebServer  : Tomcat started on port 8080 (http) with context path '/'
2024-11-14T07:18:52.798+03:00  INFO 11496 --- [makay] [main] o.s.m.s.b.SimpleBrokerMessageHandler     : Starting...
2024-11-14T07:18:52.800+03:00  INFO 11496 --- [makay] [main] o.s.m.s.b.SimpleBrokerMessageHandler     : BrokerAvailabilityEvent[available=true, SimpleBrokerMessageHandler [org.springframework.messaging.simp.broker.DefaultSubscriptionRegistry@604d23fa]]
2024-11-14T07:18:52.801+03:00  INFO 11496 --- [makay] [main] o.s.m.s.b.SimpleBrokerMessageHandler     : Started.
2024-11-14T07:18:52.811+03:00  INFO 11496 --- [makay] [main] com.app.makay.MakayApplication           : Started MakayApplication in 2.547 seconds (process running for 2.996)
2024-11-14T07:18:59.755+03:00  INFO 11496 --- [makay] [http-nio-8080-exec-1] o.a.c.c.C.[Tomcat].[localhost].[/]       : Initializing Spring DispatcherServlet 'dispatcherServlet'
2024-11-14T07:18:59.756+03:00  INFO 11496 --- [makay] [http-nio-8080-exec-1] o.s.web.servlet.DispatcherServlet        : Initializing Servlet 'dispatcherServlet'
2024-11-14T07:18:59.757+03:00  INFO 11496 --- [makay] [http-nio-8080-exec-1] o.s.web.servlet.DispatcherServlet        : Completed initialization in 1 ms
2024-11-14T07:19:52.790+03:00  INFO 11496 --- [makay] [MessageBroker-1] o.s.w.s.c.WebSocketMessageBrokerStats    : WebSocketSession[2 current WS(2)-HttpStream(0)-HttpPoll(0), 10 total, 0 closed abnormally (0 connect failure, 0 send limit, 0 transport error)], stompSubProtocol[processed CONNECT(10)-CONNECTED(10)-DISCONNECT(8)], stompBrokerRelay[null], inboundChannel[pool size = 24, active threads = 0, queued tasks = 0, completed tasks = 174], outboundChannel[pool size = 24, active threads = 0, queued tasks = 0, completed tasks = 30], sockJsScheduler[pool size = 1, active threads = 1, queued tasks = 0, completed tasks = 0]
2024-11-14T07:26:57.043+03:00  INFO 11496 --- [makay] [SpringApplicationShutdownHook] o.s.m.s.b.SimpleBrokerMessageHandler     : Stopping...
2024-11-14T07:26:57.043+03:00  INFO 11496 --- [makay] [SpringApplicationShutdownHook] o.s.m.s.b.SimpleBrokerMessageHandler     : BrokerAvailabilityEvent[available=false, SimpleBrokerMessageHandler [org.springframework.messaging.simp.broker.DefaultSubscriptionRegistry@604d23fa]]
2024-11-14T07:26:57.044+03:00  INFO 11496 --- [makay] [SpringApplicationShutdownHook] o.s.m.s.b.SimpleBrokerMessageHandler     : Stopped.
2024-11-14T07:27:25.771+03:00  INFO 11888 --- [makay] [main] com.app.makay.MakayApplication           : Starting MakayApplication v0.0.1-SNAPSHOT using Java 17.0.2 with PID 11888 (D:\Eriq_RohWeltall\Assigns\Stage\livrables\bin\makay-0.0.1-SNAPSHOT.jar started by iqhim in D:\Eriq_RohWeltall\Assigns\Stage\livrables)
2024-11-14T07:27:25.775+03:00  INFO 11888 --- [makay] [main] com.app.makay.MakayApplication           : No active profile set, falling back to 1 default profile: "default"
2024-11-14T07:27:26.767+03:00  INFO 11888 --- [makay] [main] o.s.b.w.embedded.tomcat.TomcatWebServer  : Tomcat initialized with port 8080 (http)
2024-11-14T07:27:26.776+03:00  INFO 11888 --- [makay] [main] o.apache.catalina.core.StandardService   : Starting service [Tomcat]
2024-11-14T07:27:26.776+03:00  INFO 11888 --- [makay] [main] o.apache.catalina.core.StandardEngine    : Starting Servlet engine: [Apache Tomcat/10.1.26]
2024-11-14T07:27:26.815+03:00  INFO 11888 --- [makay] [main] o.a.c.c.C.[Tomcat].[localhost].[/]       : Initializing Spring embedded WebApplicationContext
2024-11-14T07:27:26.815+03:00  INFO 11888 --- [makay] [main] w.s.c.ServletWebServerApplicationContext : Root WebApplicationContext: initialization completed in 969 ms
2024-11-14T07:27:27.794+03:00  INFO 11888 --- [makay] [main] o.s.b.w.embedded.tomcat.TomcatWebServer  : Tomcat started on port 8080 (http) with context path '/'
2024-11-14T07:27:27.796+03:00  INFO 11888 --- [makay] [main] o.s.m.s.b.SimpleBrokerMessageHandler     : Starting...
2024-11-14T07:27:27.798+03:00  INFO 11888 --- [makay] [main] o.s.m.s.b.SimpleBrokerMessageHandler     : BrokerAvailabilityEvent[available=true, SimpleBrokerMessageHandler [org.springframework.messaging.simp.broker.DefaultSubscriptionRegistry@1cc8416a]]
2024-11-14T07:27:27.798+03:00  INFO 11888 --- [makay] [main] o.s.m.s.b.SimpleBrokerMessageHandler     : Started.
2024-11-14T07:27:27.808+03:00  INFO 11888 --- [makay] [main] com.app.makay.MakayApplication           : Started MakayApplication in 2.583 seconds (process running for 3.035)
2024-11-14T07:27:36.875+03:00  INFO 11888 --- [makay] [http-nio-8080-exec-1] o.a.c.c.C.[Tomcat].[localhost].[/]       : Initializing Spring DispatcherServlet 'dispatcherServlet'
2024-11-14T07:27:36.876+03:00  INFO 11888 --- [makay] [http-nio-8080-exec-1] o.s.web.servlet.DispatcherServlet        : Initializing Servlet 'dispatcherServlet'
2024-11-14T07:27:36.878+03:00  INFO 11888 --- [makay] [http-nio-8080-exec-1] o.s.web.servlet.DispatcherServlet        : Completed initialization in 1 ms
2024-11-14T07:27:59.788+03:00 ERROR 11888 --- [makay] [clientInboundChannel-12] .WebSocketAnnotationMethodMessageHandler : Unhandled exception from message handler method

org.springframework.messaging.converter.MessageConversionException: Could not read JSON: Cannot deserialize value of type `java.util.HashMap<java.lang.String,java.lang.String>` from Array value (token `JsonToken.START_ARRAY`)
 at [Source: REDACTED (`StreamReadFeature.INCLUDE_SOURCE_IN_LOCATION` disabled); line: 1, column: 1]
	at org.springframework.messaging.converter.MappingJackson2MessageConverter.convertFromInternal(MappingJackson2MessageConverter.java:256) ~[spring-messaging-6.1.11.jar!/:6.1.11]
	at org.springframework.messaging.converter.AbstractMessageConverter.fromMessage(AbstractMessageConverter.java:183) ~[spring-messaging-6.1.11.jar!/:6.1.11]
	at org.springframework.messaging.converter.CompositeMessageConverter.fromMessage(CompositeMessageConverter.java:70) ~[spring-messaging-6.1.11.jar!/:6.1.11]
	at org.springframework.messaging.handler.annotation.support.PayloadMethodArgumentResolver.resolveArgument(PayloadMethodArgumentResolver.java:144) ~[spring-messaging-6.1.11.jar!/:6.1.11]
	at org.springframework.messaging.handler.invocation.HandlerMethodArgumentResolverComposite.resolveArgument(HandlerMethodArgumentResolverComposite.java:118) ~[spring-messaging-6.1.11.jar!/:6.1.11]
	at org.springframework.messaging.handler.invocation.InvocableHandlerMethod.getMethodArgumentValues(InvocableHandlerMethod.java:147) ~[spring-messaging-6.1.11.jar!/:6.1.11]
	at org.springframework.messaging.handler.invocation.InvocableHandlerMethod.invoke(InvocableHandlerMethod.java:115) ~[spring-messaging-6.1.11.jar!/:6.1.11]
	at org.springframework.messaging.handler.invocation.AbstractMethodMessageHandler.handleMatch(AbstractMethodMessageHandler.java:567) ~[spring-messaging-6.1.11.jar!/:6.1.11]
	at org.springframework.messaging.simp.annotation.support.SimpAnnotationMethodMessageHandler.handleMatch(SimpAnnotationMethodMessageHandler.java:529) ~[spring-messaging-6.1.11.jar!/:6.1.11]
	at org.springframework.messaging.simp.annotation.support.SimpAnnotationMethodMessageHandler.handleMatch(SimpAnnotationMethodMessageHandler.java:93) ~[spring-messaging-6.1.11.jar!/:6.1.11]
	at org.springframework.messaging.handler.invocation.AbstractMethodMessageHandler.handleMessageInternal(AbstractMethodMessageHandler.java:522) ~[spring-messaging-6.1.11.jar!/:6.1.11]
	at org.springframework.messaging.handler.invocation.AbstractMethodMessageHandler.handleMessage(AbstractMethodMessageHandler.java:457) ~[spring-messaging-6.1.11.jar!/:6.1.11]
	at org.springframework.messaging.support.ExecutorSubscribableChannel$SendTask.run(ExecutorSubscribableChannel.java:152) ~[spring-messaging-6.1.11.jar!/:6.1.11]
	at java.base/java.util.concurrent.ThreadPoolExecutor.runWorker(ThreadPoolExecutor.java:1136) ~[na:na]
	at java.base/java.util.concurrent.ThreadPoolExecutor$Worker.run(ThreadPoolExecutor.java:635) ~[na:na]
	at java.base/java.lang.Thread.run(Thread.java:833) ~[na:na]
Caused by: com.fasterxml.jackson.databind.exc.MismatchedInputException: Cannot deserialize value of type `java.util.HashMap<java.lang.String,java.lang.String>` from Array value (token `JsonToken.START_ARRAY`)
 at [Source: REDACTED (`StreamReadFeature.INCLUDE_SOURCE_IN_LOCATION` disabled); line: 1, column: 1]
	at com.fasterxml.jackson.databind.exc.MismatchedInputException.from(MismatchedInputException.java:59) ~[jackson-databind-2.17.2.jar!/:2.17.2]
	at com.fasterxml.jackson.databind.DeserializationContext.reportInputMismatch(DeserializationContext.java:1767) ~[jackson-databind-2.17.2.jar!/:2.17.2]
	at com.fasterxml.jackson.databind.DeserializationContext.handleUnexpectedToken(DeserializationContext.java:1541) ~[jackson-databind-2.17.2.jar!/:2.17.2]
	at com.fasterxml.jackson.databind.deser.std.StdDeserializer._deserializeFromArray(StdDeserializer.java:222) ~[jackson-databind-2.17.2.jar!/:2.17.2]
	at com.fasterxml.jackson.databind.deser.std.MapDeserializer.deserialize(MapDeserializer.java:457) ~[jackson-databind-2.17.2.jar!/:2.17.2]
	at com.fasterxml.jackson.databind.deser.std.MapDeserializer.deserialize(MapDeserializer.java:32) ~[jackson-databind-2.17.2.jar!/:2.17.2]
	at com.fasterxml.jackson.databind.deser.DefaultDeserializationContext.readRootValue(DefaultDeserializationContext.java:342) ~[jackson-databind-2.17.2.jar!/:2.17.2]
	at com.fasterxml.jackson.databind.ObjectMapper._readMapAndClose(ObjectMapper.java:4905) ~[jackson-databind-2.17.2.jar!/:2.17.2]
	at com.fasterxml.jackson.databind.ObjectMapper.readValue(ObjectMapper.java:3942) ~[jackson-databind-2.17.2.jar!/:2.17.2]
	at org.springframework.messaging.converter.MappingJackson2MessageConverter.convertFromInternal(MappingJackson2MessageConverter.java:242) ~[spring-messaging-6.1.11.jar!/:6.1.11]
	... 15 common frames omitted

2024-11-14T07:28:27.793+03:00  INFO 11888 --- [makay] [MessageBroker-1] o.s.w.s.c.WebSocketMessageBrokerStats    : WebSocketSession[1 current WS(1)-HttpStream(0)-HttpPoll(0), 5 total, 0 closed abnormally (0 connect failure, 0 send limit, 0 transport error)], stompSubProtocol[processed CONNECT(5)-CONNECTED(5)-DISCONNECT(4)], stompBrokerRelay[null], inboundChannel[pool size = 24, active threads = 0, queued tasks = 0, completed tasks = 147], outboundChannel[pool size = 13, active threads = 0, queued tasks = 0, completed tasks = 13], sockJsScheduler[pool size = 1, active threads = 1, queued tasks = 0, completed tasks = 0]
2024-11-14T07:30:18.687+03:00 ERROR 11888 --- [makay] [clientInboundChannel-40] .WebSocketAnnotationMethodMessageHandler : Unhandled exception from message handler method

org.springframework.messaging.converter.MessageConversionException: Could not read JSON: Cannot deserialize value of type `java.util.HashMap<java.lang.String,java.lang.String>` from Array value (token `JsonToken.START_ARRAY`)
 at [Source: REDACTED (`StreamReadFeature.INCLUDE_SOURCE_IN_LOCATION` disabled); line: 1, column: 1]
	at org.springframework.messaging.converter.MappingJackson2MessageConverter.convertFromInternal(MappingJackson2MessageConverter.java:256) ~[spring-messaging-6.1.11.jar!/:6.1.11]
	at org.springframework.messaging.converter.AbstractMessageConverter.fromMessage(AbstractMessageConverter.java:183) ~[spring-messaging-6.1.11.jar!/:6.1.11]
	at org.springframework.messaging.converter.CompositeMessageConverter.fromMessage(CompositeMessageConverter.java:70) ~[spring-messaging-6.1.11.jar!/:6.1.11]
	at org.springframework.messaging.handler.annotation.support.PayloadMethodArgumentResolver.resolveArgument(PayloadMethodArgumentResolver.java:144) ~[spring-messaging-6.1.11.jar!/:6.1.11]
	at org.springframework.messaging.handler.invocation.HandlerMethodArgumentResolverComposite.resolveArgument(HandlerMethodArgumentResolverComposite.java:118) ~[spring-messaging-6.1.11.jar!/:6.1.11]
	at org.springframework.messaging.handler.invocation.InvocableHandlerMethod.getMethodArgumentValues(InvocableHandlerMethod.java:147) ~[spring-messaging-6.1.11.jar!/:6.1.11]
	at org.springframework.messaging.handler.invocation.InvocableHandlerMethod.invoke(InvocableHandlerMethod.java:115) ~[spring-messaging-6.1.11.jar!/:6.1.11]
	at org.springframework.messaging.handler.invocation.AbstractMethodMessageHandler.handleMatch(AbstractMethodMessageHandler.java:567) ~[spring-messaging-6.1.11.jar!/:6.1.11]
	at org.springframework.messaging.simp.annotation.support.SimpAnnotationMethodMessageHandler.handleMatch(SimpAnnotationMethodMessageHandler.java:529) ~[spring-messaging-6.1.11.jar!/:6.1.11]
	at org.springframework.messaging.simp.annotation.support.SimpAnnotationMethodMessageHandler.handleMatch(SimpAnnotationMethodMessageHandler.java:93) ~[spring-messaging-6.1.11.jar!/:6.1.11]
	at org.springframework.messaging.handler.invocation.AbstractMethodMessageHandler.handleMessageInternal(AbstractMethodMessageHandler.java:522) ~[spring-messaging-6.1.11.jar!/:6.1.11]
	at org.springframework.messaging.handler.invocation.AbstractMethodMessageHandler.handleMessage(AbstractMethodMessageHandler.java:457) ~[spring-messaging-6.1.11.jar!/:6.1.11]
	at org.springframework.messaging.support.ExecutorSubscribableChannel$SendTask.run(ExecutorSubscribableChannel.java:152) ~[spring-messaging-6.1.11.jar!/:6.1.11]
	at java.base/java.util.concurrent.ThreadPoolExecutor.runWorker(ThreadPoolExecutor.java:1136) ~[na:na]
	at java.base/java.util.concurrent.ThreadPoolExecutor$Worker.run(ThreadPoolExecutor.java:635) ~[na:na]
	at java.base/java.lang.Thread.run(Thread.java:833) ~[na:na]
Caused by: com.fasterxml.jackson.databind.exc.MismatchedInputException: Cannot deserialize value of type `java.util.HashMap<java.lang.String,java.lang.String>` from Array value (token `JsonToken.START_ARRAY`)
 at [Source: REDACTED (`StreamReadFeature.INCLUDE_SOURCE_IN_LOCATION` disabled); line: 1, column: 1]
	at com.fasterxml.jackson.databind.exc.MismatchedInputException.from(MismatchedInputException.java:59) ~[jackson-databind-2.17.2.jar!/:2.17.2]
	at com.fasterxml.jackson.databind.DeserializationContext.reportInputMismatch(DeserializationContext.java:1767) ~[jackson-databind-2.17.2.jar!/:2.17.2]
	at com.fasterxml.jackson.databind.DeserializationContext.handleUnexpectedToken(DeserializationContext.java:1541) ~[jackson-databind-2.17.2.jar!/:2.17.2]
	at com.fasterxml.jackson.databind.deser.std.StdDeserializer._deserializeFromArray(StdDeserializer.java:222) ~[jackson-databind-2.17.2.jar!/:2.17.2]
	at com.fasterxml.jackson.databind.deser.std.MapDeserializer.deserialize(MapDeserializer.java:457) ~[jackson-databind-2.17.2.jar!/:2.17.2]
	at com.fasterxml.jackson.databind.deser.std.MapDeserializer.deserialize(MapDeserializer.java:32) ~[jackson-databind-2.17.2.jar!/:2.17.2]
	at com.fasterxml.jackson.databind.deser.DefaultDeserializationContext.readRootValue(DefaultDeserializationContext.java:342) ~[jackson-databind-2.17.2.jar!/:2.17.2]
	at com.fasterxml.jackson.databind.ObjectMapper._readMapAndClose(ObjectMapper.java:4905) ~[jackson-databind-2.17.2.jar!/:2.17.2]
	at com.fasterxml.jackson.databind.ObjectMapper.readValue(ObjectMapper.java:3942) ~[jackson-databind-2.17.2.jar!/:2.17.2]
	at org.springframework.messaging.converter.MappingJackson2MessageConverter.convertFromInternal(MappingJackson2MessageConverter.java:242) ~[spring-messaging-6.1.11.jar!/:6.1.11]
	... 15 common frames omitted

2024-11-14T07:31:52.807+03:00  INFO 11888 --- [makay] [SpringApplicationShutdownHook] o.s.m.s.b.SimpleBrokerMessageHandler     : Stopping...
2024-11-14T07:31:52.809+03:00  INFO 11888 --- [makay] [SpringApplicationShutdownHook] o.s.m.s.b.SimpleBrokerMessageHandler     : BrokerAvailabilityEvent[available=false, SimpleBrokerMessageHandler [org.springframework.messaging.simp.broker.DefaultSubscriptionRegistry@1cc8416a]]
2024-11-14T07:31:52.815+03:00  INFO 11888 --- [makay] [SpringApplicationShutdownHook] o.s.m.s.b.SimpleBrokerMessageHandler     : Stopped.
2024-11-14T08:42:13.642+03:00  INFO 17436 --- [makay] [main] com.app.makay.MakayApplication           : Starting MakayApplication v0.0.1-SNAPSHOT using Java 17.0.2 with PID 17436 (D:\Eriq_RohWeltall\Assigns\Stage\livrables\bin\makay-0.0.1-SNAPSHOT.jar started by iqhim in D:\Eriq_RohWeltall\Assigns\Stage\livrables)
2024-11-14T08:42:13.648+03:00  INFO 17436 --- [makay] [main] com.app.makay.MakayApplication           : No active profile set, falling back to 1 default profile: "default"
2024-11-14T08:42:14.656+03:00  INFO 17436 --- [makay] [main] o.s.b.w.embedded.tomcat.TomcatWebServer  : Tomcat initialized with port 8080 (http)
2024-11-14T08:42:14.667+03:00  INFO 17436 --- [makay] [main] o.apache.catalina.core.StandardService   : Starting service [Tomcat]
2024-11-14T08:42:14.668+03:00  INFO 17436 --- [makay] [main] o.apache.catalina.core.StandardEngine    : Starting Servlet engine: [Apache Tomcat/10.1.26]
2024-11-14T08:42:14.711+03:00  INFO 17436 --- [makay] [main] o.a.c.c.C.[Tomcat].[localhost].[/]       : Initializing Spring embedded WebApplicationContext
2024-11-14T08:42:14.712+03:00  INFO 17436 --- [makay] [main] w.s.c.ServletWebServerApplicationContext : Root WebApplicationContext: initialization completed in 996 ms
2024-11-14T08:42:15.922+03:00  INFO 17436 --- [makay] [main] o.s.b.w.embedded.tomcat.TomcatWebServer  : Tomcat started on port 8080 (http) with context path '/'
2024-11-14T08:42:15.925+03:00  INFO 17436 --- [makay] [main] o.s.m.s.b.SimpleBrokerMessageHandler     : Starting...
2024-11-14T08:42:15.927+03:00  INFO 17436 --- [makay] [main] o.s.m.s.b.SimpleBrokerMessageHandler     : BrokerAvailabilityEvent[available=true, SimpleBrokerMessageHandler [org.springframework.messaging.simp.broker.DefaultSubscriptionRegistry@3bc69ce9]]
2024-11-14T08:42:15.928+03:00  INFO 17436 --- [makay] [main] o.s.m.s.b.SimpleBrokerMessageHandler     : Started.
2024-11-14T08:42:15.935+03:00  INFO 17436 --- [makay] [main] com.app.makay.MakayApplication           : Started MakayApplication in 2.817 seconds (process running for 3.288)
2024-11-14T08:42:22.460+03:00  INFO 17436 --- [makay] [http-nio-8080-exec-1] o.a.c.c.C.[Tomcat].[localhost].[/]       : Initializing Spring DispatcherServlet 'dispatcherServlet'
2024-11-14T08:42:22.461+03:00  INFO 17436 --- [makay] [http-nio-8080-exec-1] o.s.web.servlet.DispatcherServlet        : Initializing Servlet 'dispatcherServlet'
2024-11-14T08:42:22.462+03:00  INFO 17436 --- [makay] [http-nio-8080-exec-1] o.s.web.servlet.DispatcherServlet        : Completed initialization in 0 ms
2024-11-14T08:43:15.917+03:00  INFO 17436 --- [makay] [MessageBroker-1] o.s.w.s.c.WebSocketMessageBrokerStats    : WebSocketSession[2 current WS(2)-HttpStream(0)-HttpPoll(0), 6 total, 0 closed abnormally (0 connect failure, 0 send limit, 0 transport error)], stompSubProtocol[processed CONNECT(6)-CONNECTED(6)-DISCONNECT(4)], stompBrokerRelay[null], inboundChannel[pool size = 24, active threads = 0, queued tasks = 0, completed tasks = 108], outboundChannel[pool size = 15, active threads = 0, queued tasks = 0, completed tasks = 15], sockJsScheduler[pool size = 1, active threads = 1, queued tasks = 0, completed tasks = 0]
2024-11-14T08:44:49.705+03:00  INFO 17436 --- [makay] [SpringApplicationShutdownHook] o.s.m.s.b.SimpleBrokerMessageHandler     : Stopping...
2024-11-14T08:44:49.705+03:00  INFO 17436 --- [makay] [SpringApplicationShutdownHook] o.s.m.s.b.SimpleBrokerMessageHandler     : BrokerAvailabilityEvent[available=false, SimpleBrokerMessageHandler [org.springframework.messaging.simp.broker.DefaultSubscriptionRegistry@3bc69ce9]]
2024-11-14T08:44:49.706+03:00  INFO 17436 --- [makay] [SpringApplicationShutdownHook] o.s.m.s.b.SimpleBrokerMessageHandler     : Stopped.
2024-11-14T08:45:20.150+03:00  INFO 1328 --- [makay] [main] com.app.makay.MakayApplication           : Starting MakayApplication v0.0.1-SNAPSHOT using Java 17.0.2 with PID 1328 (D:\Eriq_RohWeltall\Assigns\Stage\livrables\bin\makay-0.0.1-SNAPSHOT.jar started by iqhim in D:\Eriq_RohWeltall\Assigns\Stage\livrables)
2024-11-14T08:45:20.153+03:00  INFO 1328 --- [makay] [main] com.app.makay.MakayApplication           : No active profile set, falling back to 1 default profile: "default"
2024-11-14T08:45:21.178+03:00  INFO 1328 --- [makay] [main] o.s.b.w.embedded.tomcat.TomcatWebServer  : Tomcat initialized with port 8080 (http)
2024-11-14T08:45:21.190+03:00  INFO 1328 --- [makay] [main] o.apache.catalina.core.StandardService   : Starting service [Tomcat]
2024-11-14T08:45:21.190+03:00  INFO 1328 --- [makay] [main] o.apache.catalina.core.StandardEngine    : Starting Servlet engine: [Apache Tomcat/10.1.26]
2024-11-14T08:45:21.228+03:00  INFO 1328 --- [makay] [main] o.a.c.c.C.[Tomcat].[localhost].[/]       : Initializing Spring embedded WebApplicationContext
2024-11-14T08:45:21.228+03:00  INFO 1328 --- [makay] [main] w.s.c.ServletWebServerApplicationContext : Root WebApplicationContext: initialization completed in 1010 ms
2024-11-14T08:45:22.259+03:00  INFO 1328 --- [makay] [main] o.s.b.w.embedded.tomcat.TomcatWebServer  : Tomcat started on port 8080 (http) with context path '/'
2024-11-14T08:45:22.261+03:00  INFO 1328 --- [makay] [main] o.s.m.s.b.SimpleBrokerMessageHandler     : Starting...
2024-11-14T08:45:22.263+03:00  INFO 1328 --- [makay] [main] o.s.m.s.b.SimpleBrokerMessageHandler     : BrokerAvailabilityEvent[available=true, SimpleBrokerMessageHandler [org.springframework.messaging.simp.broker.DefaultSubscriptionRegistry@79980d8d]]
2024-11-14T08:45:22.263+03:00  INFO 1328 --- [makay] [main] o.s.m.s.b.SimpleBrokerMessageHandler     : Started.
2024-11-14T08:45:22.270+03:00  INFO 1328 --- [makay] [main] com.app.makay.MakayApplication           : Started MakayApplication in 2.603 seconds (process running for 3.056)
2024-11-14T08:45:26.264+03:00  INFO 1328 --- [makay] [http-nio-8080-exec-1] o.a.c.c.C.[Tomcat].[localhost].[/]       : Initializing Spring DispatcherServlet 'dispatcherServlet'
2024-11-14T08:45:26.265+03:00  INFO 1328 --- [makay] [http-nio-8080-exec-1] o.s.web.servlet.DispatcherServlet        : Initializing Servlet 'dispatcherServlet'
2024-11-14T08:45:26.269+03:00  INFO 1328 --- [makay] [http-nio-8080-exec-1] o.s.web.servlet.DispatcherServlet        : Completed initialization in 1 ms
2024-11-14T08:46:22.250+03:00  INFO 1328 --- [makay] [MessageBroker-1] o.s.w.s.c.WebSocketMessageBrokerStats    : WebSocketSession[1 current WS(1)-HttpStream(0)-HttpPoll(0), 2 total, 0 closed abnormally (0 connect failure, 0 send limit, 0 transport error)], stompSubProtocol[processed CONNECT(2)-CONNECTED(2)-DISCONNECT(1)], stompBrokerRelay[null], inboundChannel[pool size = 21, active threads = 0, queued tasks = 0, completed tasks = 21], outboundChannel[pool size = 4, active threads = 0, queued tasks = 0, completed tasks = 4], sockJsScheduler[pool size = 1, active threads = 1, queued tasks = 0, completed tasks = 0]
2024-11-14T08:47:10.195+03:00  INFO 1328 --- [makay] [SpringApplicationShutdownHook] o.s.m.s.b.SimpleBrokerMessageHandler     : Stopping...
2024-11-14T08:47:10.195+03:00  INFO 1328 --- [makay] [SpringApplicationShutdownHook] o.s.m.s.b.SimpleBrokerMessageHandler     : BrokerAvailabilityEvent[available=false, SimpleBrokerMessageHandler [org.springframework.messaging.simp.broker.DefaultSubscriptionRegistry@79980d8d]]
2024-11-14T08:47:10.195+03:00  INFO 1328 --- [makay] [SpringApplicationShutdownHook] o.s.m.s.b.SimpleBrokerMessageHandler     : Stopped.
2024-11-14T14:56:10.036+03:00  INFO 1564 --- [makay] [main] com.app.makay.MakayApplication           : Starting MakayApplication v0.0.1-SNAPSHOT using Java 17.0.2 with PID 1564 (D:\Eriq_RohWeltall\Assigns\Stage\livrables\bin\makay-0.0.1-SNAPSHOT.jar started by iqhim in D:\Eriq_RohWeltall\Assigns\Stage\livrables)
2024-11-14T14:56:10.040+03:00  INFO 1564 --- [makay] [main] com.app.makay.MakayApplication           : No active profile set, falling back to 1 default profile: "default"
2024-11-14T14:56:11.099+03:00  INFO 1564 --- [makay] [main] o.s.b.w.embedded.tomcat.TomcatWebServer  : Tomcat initialized with port 8080 (http)
2024-11-14T14:56:11.110+03:00  INFO 1564 --- [makay] [main] o.apache.catalina.core.StandardService   : Starting service [Tomcat]
2024-11-14T14:56:11.110+03:00  INFO 1564 --- [makay] [main] o.apache.catalina.core.StandardEngine    : Starting Servlet engine: [Apache Tomcat/10.1.26]
2024-11-14T14:56:11.147+03:00  INFO 1564 --- [makay] [main] o.a.c.c.C.[Tomcat].[localhost].[/]       : Initializing Spring embedded WebApplicationContext
2024-11-14T14:56:11.148+03:00  INFO 1564 --- [makay] [main] w.s.c.ServletWebServerApplicationContext : Root WebApplicationContext: initialization completed in 1032 ms
2024-11-14T14:56:12.251+03:00  INFO 1564 --- [makay] [main] o.s.b.w.embedded.tomcat.TomcatWebServer  : Tomcat started on port 8080 (http) with context path '/'
2024-11-14T14:56:12.254+03:00  INFO 1564 --- [makay] [main] o.s.m.s.b.SimpleBrokerMessageHandler     : Starting...
2024-11-14T14:56:12.256+03:00  INFO 1564 --- [makay] [main] o.s.m.s.b.SimpleBrokerMessageHandler     : BrokerAvailabilityEvent[available=true, SimpleBrokerMessageHandler [org.springframework.messaging.simp.broker.DefaultSubscriptionRegistry@78910096]]
2024-11-14T14:56:12.257+03:00  INFO 1564 --- [makay] [main] o.s.m.s.b.SimpleBrokerMessageHandler     : Started.
2024-11-14T14:56:12.265+03:00  INFO 1564 --- [makay] [main] com.app.makay.MakayApplication           : Started MakayApplication in 2.758 seconds (process running for 3.215)
2024-11-14T14:56:28.173+03:00  INFO 1564 --- [makay] [http-nio-8080-exec-1] o.a.c.c.C.[Tomcat].[localhost].[/]       : Initializing Spring DispatcherServlet 'dispatcherServlet'
2024-11-14T14:56:28.173+03:00  INFO 1564 --- [makay] [http-nio-8080-exec-1] o.s.web.servlet.DispatcherServlet        : Initializing Servlet 'dispatcherServlet'
2024-11-14T14:56:28.175+03:00  INFO 1564 --- [makay] [http-nio-8080-exec-1] o.s.web.servlet.DispatcherServlet        : Completed initialization in 1 ms
2024-11-14T14:57:12.246+03:00  INFO 1564 --- [makay] [MessageBroker-1] o.s.w.s.c.WebSocketMessageBrokerStats    : WebSocketSession[0 current WS(0)-HttpStream(0)-HttpPoll(0), 0 total, 0 closed abnormally (0 connect failure, 0 send limit, 0 transport error)], stompSubProtocol[processed CONNECT(0)-CONNECTED(0)-DISCONNECT(0)], stompBrokerRelay[null], inboundChannel[pool size = 0, active threads = 0, queued tasks = 0, completed tasks = 0], outboundChannel[pool size = 0, active threads = 0, queued tasks = 0, completed tasks = 0], sockJsScheduler[pool size = 1, active threads = 1, queued tasks = 0, completed tasks = 0]
2024-11-14T14:58:40.759+03:00  INFO 1564 --- [makay] [SpringApplicationShutdownHook] o.s.m.s.b.SimpleBrokerMessageHandler     : Stopping...
2024-11-14T14:58:40.759+03:00  INFO 1564 --- [makay] [SpringApplicationShutdownHook] o.s.m.s.b.SimpleBrokerMessageHandler     : BrokerAvailabilityEvent[available=false, SimpleBrokerMessageHandler [org.springframework.messaging.simp.broker.DefaultSubscriptionRegistry@78910096]]
2024-11-14T14:58:40.760+03:00  INFO 1564 --- [makay] [SpringApplicationShutdownHook] o.s.m.s.b.SimpleBrokerMessageHandler     : Stopped.
2024-11-14T15:44:52.919+03:00  INFO 12072 --- [makay] [main] com.app.makay.MakayApplication           : Starting MakayApplication v0.0.1-SNAPSHOT using Java 17.0.2 with PID 12072 (D:\Eriq_RohWeltall\Assigns\Stage\livrables\bin\makay-0.0.1-SNAPSHOT.jar started by iqhim in D:\Eriq_RohWeltall\Assigns\Stage\livrables)
2024-11-14T15:44:52.933+03:00  INFO 12072 --- [makay] [main] com.app.makay.MakayApplication           : No active profile set, falling back to 1 default profile: "default"
2024-11-14T15:44:53.988+03:00  INFO 12072 --- [makay] [main] o.s.b.w.embedded.tomcat.TomcatWebServer  : Tomcat initialized with port 8080 (http)
2024-11-14T15:44:53.999+03:00  INFO 12072 --- [makay] [main] o.apache.catalina.core.StandardService   : Starting service [Tomcat]
2024-11-14T15:44:53.999+03:00  INFO 12072 --- [makay] [main] o.apache.catalina.core.StandardEngine    : Starting Servlet engine: [Apache Tomcat/10.1.26]
2024-11-14T15:44:54.043+03:00  INFO 12072 --- [makay] [main] o.a.c.c.C.[Tomcat].[localhost].[/]       : Initializing Spring embedded WebApplicationContext
2024-11-14T15:44:54.043+03:00  INFO 12072 --- [makay] [main] w.s.c.ServletWebServerApplicationContext : Root WebApplicationContext: initialization completed in 1032 ms
2024-11-14T15:44:55.088+03:00  INFO 12072 --- [makay] [main] o.s.b.w.embedded.tomcat.TomcatWebServer  : Tomcat started on port 8080 (http) with context path '/'
2024-11-14T15:44:55.090+03:00  INFO 12072 --- [makay] [main] o.s.m.s.b.SimpleBrokerMessageHandler     : Starting...
2024-11-14T15:44:55.092+03:00  INFO 12072 --- [makay] [main] o.s.m.s.b.SimpleBrokerMessageHandler     : BrokerAvailabilityEvent[available=true, SimpleBrokerMessageHandler [org.springframework.messaging.simp.broker.DefaultSubscriptionRegistry@4c3de38e]]
2024-11-14T15:44:55.092+03:00  INFO 12072 --- [makay] [main] o.s.m.s.b.SimpleBrokerMessageHandler     : Started.
2024-11-14T15:44:55.100+03:00  INFO 12072 --- [makay] [main] com.app.makay.MakayApplication           : Started MakayApplication in 2.741 seconds (process running for 3.198)
2024-11-14T15:44:58.366+03:00  INFO 12072 --- [makay] [http-nio-8080-exec-1] o.a.c.c.C.[Tomcat].[localhost].[/]       : Initializing Spring DispatcherServlet 'dispatcherServlet'
2024-11-14T15:44:58.366+03:00  INFO 12072 --- [makay] [http-nio-8080-exec-1] o.s.web.servlet.DispatcherServlet        : Initializing Servlet 'dispatcherServlet'
2024-11-14T15:44:58.368+03:00  INFO 12072 --- [makay] [http-nio-8080-exec-1] o.s.web.servlet.DispatcherServlet        : Completed initialization in 1 ms
2024-11-14T15:45:55.078+03:00  INFO 12072 --- [makay] [MessageBroker-1] o.s.w.s.c.WebSocketMessageBrokerStats    : WebSocketSession[1 current WS(1)-HttpStream(0)-HttpPoll(0), 3 total, 0 closed abnormally (0 connect failure, 0 send limit, 0 transport error)], stompSubProtocol[processed CONNECT(3)-CONNECTED(3)-DISCONNECT(2)], stompBrokerRelay[null], inboundChannel[pool size = 24, active threads = 0, queued tasks = 0, completed tasks = 108], outboundChannel[pool size = 8, active threads = 0, queued tasks = 0, completed tasks = 8], sockJsScheduler[pool size = 1, active threads = 1, queued tasks = 0, completed tasks = 0]
2024-11-14T15:48:11.828+03:00  INFO 12072 --- [makay] [SpringApplicationShutdownHook] o.s.m.s.b.SimpleBrokerMessageHandler     : Stopping...
2024-11-14T15:48:11.828+03:00  INFO 12072 --- [makay] [SpringApplicationShutdownHook] o.s.m.s.b.SimpleBrokerMessageHandler     : BrokerAvailabilityEvent[available=false, SimpleBrokerMessageHandler [org.springframework.messaging.simp.broker.DefaultSubscriptionRegistry@4c3de38e]]
2024-11-14T15:48:11.829+03:00  INFO 12072 --- [makay] [SpringApplicationShutdownHook] o.s.m.s.b.SimpleBrokerMessageHandler     : Stopped.
2024-11-14T15:48:58.026+03:00  INFO 3220 --- [makay] [main] com.app.makay.MakayApplication           : Starting MakayApplication v0.0.1-SNAPSHOT using Java 17.0.2 with PID 3220 (D:\Eriq_RohWeltall\Assigns\Stage\livrables\bin\makay-0.0.1-SNAPSHOT.jar started by iqhim in D:\Eriq_RohWeltall\Assigns\Stage\livrables)
2024-11-14T15:48:58.030+03:00  INFO 3220 --- [makay] [main] com.app.makay.MakayApplication           : No active profile set, falling back to 1 default profile: "default"
2024-11-14T15:48:58.961+03:00  INFO 3220 --- [makay] [main] o.s.b.w.embedded.tomcat.TomcatWebServer  : Tomcat initialized with port 8080 (http)
2024-11-14T15:48:58.971+03:00  INFO 3220 --- [makay] [main] o.apache.catalina.core.StandardService   : Starting service [Tomcat]
2024-11-14T15:48:58.972+03:00  INFO 3220 --- [makay] [main] o.apache.catalina.core.StandardEngine    : Starting Servlet engine: [Apache Tomcat/10.1.26]
2024-11-14T15:48:59.008+03:00  INFO 3220 --- [makay] [main] o.a.c.c.C.[Tomcat].[localhost].[/]       : Initializing Spring embedded WebApplicationContext
2024-11-14T15:48:59.009+03:00  INFO 3220 --- [makay] [main] w.s.c.ServletWebServerApplicationContext : Root WebApplicationContext: initialization completed in 902 ms
2024-11-14T15:48:59.284+03:00  WARN 3220 --- [makay] [main] ConfigServletWebServerApplicationContext : Exception encountered during context initialization - cancelling refresh attempt: org.springframework.beans.factory.BeanCreationException: Error creating bean with name 'barmanController' defined in URL [jar:nested:/D:/Eriq_RohWeltall/Assigns/Stage/livrables/bin/makay-0.0.1-SNAPSHOT.jar/!BOOT-INF/classes/!/com/app/makay/controllers/metier/barman/BarmanController.class]: Failed to instantiate [com.app.makay.controllers.metier.barman.BarmanController]: Constructor threw exception
2024-11-14T15:48:59.287+03:00  INFO 3220 --- [makay] [main] o.apache.catalina.core.StandardService   : Stopping service [Tomcat]
2024-11-14T15:48:59.296+03:00  INFO 3220 --- [makay] [main] .s.b.a.l.ConditionEvaluationReportLogger : 

Error starting ApplicationContext. To display the condition evaluation report re-run your application with 'debug' enabled.
2024-11-14T15:48:59.310+03:00 ERROR 3220 --- [makay] [main] o.s.boot.SpringApplication               : Application run failed

org.springframework.beans.factory.BeanCreationException: Error creating bean with name 'barmanController' defined in URL [jar:nested:/D:/Eriq_RohWeltall/Assigns/Stage/livrables/bin/makay-0.0.1-SNAPSHOT.jar/!BOOT-INF/classes/!/com/app/makay/controllers/metier/barman/BarmanController.class]: Failed to instantiate [com.app.makay.controllers.metier.barman.BarmanController]: Constructor threw exception
	at org.springframework.beans.factory.support.AbstractAutowireCapableBeanFactory.instantiateBean(AbstractAutowireCapableBeanFactory.java:1337) ~[spring-beans-6.1.11.jar!/:6.1.11]
	at org.springframework.beans.factory.support.AbstractAutowireCapableBeanFactory.createBeanInstance(AbstractAutowireCapableBeanFactory.java:1222) ~[spring-beans-6.1.11.jar!/:6.1.11]
	at org.springframework.beans.factory.support.AbstractAutowireCapableBeanFactory.doCreateBean(AbstractAutowireCapableBeanFactory.java:562) ~[spring-beans-6.1.11.jar!/:6.1.11]
	at org.springframework.beans.factory.support.AbstractAutowireCapableBeanFactory.createBean(AbstractAutowireCapableBeanFactory.java:522) ~[spring-beans-6.1.11.jar!/:6.1.11]
	at org.springframework.beans.factory.support.AbstractBeanFactory.lambda$doGetBean$0(AbstractBeanFactory.java:337) ~[spring-beans-6.1.11.jar!/:6.1.11]
	at org.springframework.beans.factory.support.DefaultSingletonBeanRegistry.getSingleton(DefaultSingletonBeanRegistry.java:234) ~[spring-beans-6.1.11.jar!/:6.1.11]
	at org.springframework.beans.factory.support.AbstractBeanFactory.doGetBean(AbstractBeanFactory.java:335) ~[spring-beans-6.1.11.jar!/:6.1.11]
	at org.springframework.beans.factory.support.AbstractBeanFactory.getBean(AbstractBeanFactory.java:200) ~[spring-beans-6.1.11.jar!/:6.1.11]
	at org.springframework.beans.factory.support.DefaultListableBeanFactory.preInstantiateSingletons(DefaultListableBeanFactory.java:975) ~[spring-beans-6.1.11.jar!/:6.1.11]
	at org.springframework.context.support.AbstractApplicationContext.finishBeanFactoryInitialization(AbstractApplicationContext.java:971) ~[spring-context-6.1.11.jar!/:6.1.11]
	at org.springframework.context.support.AbstractApplicationContext.refresh(AbstractApplicationContext.java:625) ~[spring-context-6.1.11.jar!/:6.1.11]
	at org.springframework.boot.web.servlet.context.ServletWebServerApplicationContext.refresh(ServletWebServerApplicationContext.java:146) ~[spring-boot-3.3.2.jar!/:3.3.2]
	at org.springframework.boot.SpringApplication.refresh(SpringApplication.java:754) ~[spring-boot-3.3.2.jar!/:3.3.2]
	at org.springframework.boot.SpringApplication.refreshContext(SpringApplication.java:456) ~[spring-boot-3.3.2.jar!/:3.3.2]
	at org.springframework.boot.SpringApplication.run(SpringApplication.java:335) ~[spring-boot-3.3.2.jar!/:3.3.2]
	at org.springframework.boot.SpringApplication.run(SpringApplication.java:1363) ~[spring-boot-3.3.2.jar!/:3.3.2]
	at org.springframework.boot.SpringApplication.run(SpringApplication.java:1352) ~[spring-boot-3.3.2.jar!/:3.3.2]
	at com.app.makay.MakayApplication.main(MakayApplication.java:10) ~[!/:0.0.1-SNAPSHOT]
	at java.base/jdk.internal.reflect.NativeMethodAccessorImpl.invoke0(Native Method) ~[na:na]
	at java.base/jdk.internal.reflect.NativeMethodAccessorImpl.invoke(NativeMethodAccessorImpl.java:77) ~[na:na]
	at java.base/jdk.internal.reflect.DelegatingMethodAccessorImpl.invoke(DelegatingMethodAccessorImpl.java:43) ~[na:na]
	at java.base/java.lang.reflect.Method.invoke(Method.java:568) ~[na:na]
	at org.springframework.boot.loader.launch.Launcher.launch(Launcher.java:91) ~[makay-0.0.1-SNAPSHOT.jar:0.0.1-SNAPSHOT]
	at org.springframework.boot.loader.launch.Launcher.launch(Launcher.java:53) ~[makay-0.0.1-SNAPSHOT.jar:0.0.1-SNAPSHOT]
	at org.springframework.boot.loader.launch.JarLauncher.main(JarLauncher.java:58) ~[makay-0.0.1-SNAPSHOT.jar:0.0.1-SNAPSHOT]
Caused by: org.springframework.beans.BeanInstantiationException: Failed to instantiate [com.app.makay.controllers.metier.barman.BarmanController]: Constructor threw exception
	at org.springframework.beans.BeanUtils.instantiateClass(BeanUtils.java:221) ~[spring-beans-6.1.11.jar!/:6.1.11]
	at org.springframework.beans.factory.support.SimpleInstantiationStrategy.instantiate(SimpleInstantiationStrategy.java:94) ~[spring-beans-6.1.11.jar!/:6.1.11]
	at org.springframework.beans.factory.support.AbstractAutowireCapableBeanFactory.instantiateBean(AbstractAutowireCapableBeanFactory.java:1331) ~[spring-beans-6.1.11.jar!/:6.1.11]
	... 24 common frames omitted
Caused by: org.postgresql.util.PSQLException: FATAL: database "m" does not exist
	at org.postgresql.core.v3.QueryExecutorImpl.receiveErrorResponse(QueryExecutorImpl.java:2713) ~[Veda.jar!/:na]
	at org.postgresql.core.v3.QueryExecutorImpl.readStartupMessages(QueryExecutorImpl.java:2825) ~[Veda.jar!/:na]
	at org.postgresql.core.v3.QueryExecutorImpl.<init>(QueryExecutorImpl.java:175) ~[Veda.jar!/:na]
	at org.postgresql.core.v3.ConnectionFactoryImpl.openConnectionImpl(ConnectionFactoryImpl.java:313) ~[Veda.jar!/:na]
	at org.postgresql.core.ConnectionFactory.openConnection(ConnectionFactory.java:54) ~[Veda.jar!/:na]
	at org.postgresql.jdbc.PgConnection.<init>(PgConnection.java:263) ~[Veda.jar!/:na]
	at org.postgresql.Driver.makeConnection(Driver.java:443) ~[Veda.jar!/:na]
	at org.postgresql.Driver.connect(Driver.java:297) ~[Veda.jar!/:na]
	at java.sql/java.sql.DriverManager.getConnection(DriverManager.java:681) ~[java.sql:na]
	at java.sql/java.sql.DriverManager.getConnection(DriverManager.java:252) ~[java.sql:na]
	at veda.godao.utils.DAOConnexion.getConnexion(DAOConnexion.java:33) ~[Veda.jar!/:na]
	at com.app.makay.controllers.metier.barman.BarmanController.<init>(BarmanController.java:66) ~[!/:0.0.1-SNAPSHOT]
	at java.base/jdk.internal.reflect.NativeConstructorAccessorImpl.newInstance0(Native Method) ~[na:na]
	at java.base/jdk.internal.reflect.NativeConstructorAccessorImpl.newInstance(NativeConstructorAccessorImpl.java:77) ~[na:na]
	at java.base/jdk.internal.reflect.DelegatingConstructorAccessorImpl.newInstance(DelegatingConstructorAccessorImpl.java:45) ~[na:na]
	at java.base/java.lang.reflect.Constructor.newInstanceWithCaller(Constructor.java:499) ~[na:na]
	at java.base/java.lang.reflect.Constructor.newInstance(Constructor.java:480) ~[na:na]
	at org.springframework.beans.BeanUtils.instantiateClass(BeanUtils.java:195) ~[spring-beans-6.1.11.jar!/:6.1.11]
	... 26 common frames omitted

2024-11-14T15:49:11.936+03:00  INFO 9668 --- [makay] [main] com.app.makay.MakayApplication           : Starting MakayApplication v0.0.1-SNAPSHOT using Java 17.0.2 with PID 9668 (D:\Eriq_RohWeltall\Assigns\Stage\livrables\bin\makay-0.0.1-SNAPSHOT.jar started by iqhim in D:\Eriq_RohWeltall\Assigns\Stage\livrables)
2024-11-14T15:49:11.940+03:00  INFO 9668 --- [makay] [main] com.app.makay.MakayApplication           : No active profile set, falling back to 1 default profile: "default"
2024-11-14T15:49:12.937+03:00  INFO 9668 --- [makay] [main] o.s.b.w.embedded.tomcat.TomcatWebServer  : Tomcat initialized with port 8080 (http)
2024-11-14T15:49:12.946+03:00  INFO 9668 --- [makay] [main] o.apache.catalina.core.StandardService   : Starting service [Tomcat]
2024-11-14T15:49:12.947+03:00  INFO 9668 --- [makay] [main] o.apache.catalina.core.StandardEngine    : Starting Servlet engine: [Apache Tomcat/10.1.26]
2024-11-14T15:49:12.987+03:00  INFO 9668 --- [makay] [main] o.a.c.c.C.[Tomcat].[localhost].[/]       : Initializing Spring embedded WebApplicationContext
2024-11-14T15:49:12.987+03:00  INFO 9668 --- [makay] [main] w.s.c.ServletWebServerApplicationContext : Root WebApplicationContext: initialization completed in 976 ms
2024-11-14T15:49:14.006+03:00  INFO 9668 --- [makay] [main] o.s.b.w.embedded.tomcat.TomcatWebServer  : Tomcat started on port 8080 (http) with context path '/'
2024-11-14T15:49:14.008+03:00  INFO 9668 --- [makay] [main] o.s.m.s.b.SimpleBrokerMessageHandler     : Starting...
2024-11-14T15:49:14.010+03:00  INFO 9668 --- [makay] [main] o.s.m.s.b.SimpleBrokerMessageHandler     : BrokerAvailabilityEvent[available=true, SimpleBrokerMessageHandler [org.springframework.messaging.simp.broker.DefaultSubscriptionRegistry@536b71b4]]
2024-11-14T15:49:14.011+03:00  INFO 9668 --- [makay] [main] o.s.m.s.b.SimpleBrokerMessageHandler     : Started.
2024-11-14T15:49:14.020+03:00  INFO 9668 --- [makay] [main] com.app.makay.MakayApplication           : Started MakayApplication in 2.624 seconds (process running for 3.076)
2024-11-14T15:49:19.291+03:00  INFO 9668 --- [makay] [http-nio-8080-exec-1] o.a.c.c.C.[Tomcat].[localhost].[/]       : Initializing Spring DispatcherServlet 'dispatcherServlet'
2024-11-14T15:49:19.292+03:00  INFO 9668 --- [makay] [http-nio-8080-exec-1] o.s.web.servlet.DispatcherServlet        : Initializing Servlet 'dispatcherServlet'
2024-11-14T15:49:19.296+03:00  INFO 9668 --- [makay] [http-nio-8080-exec-1] o.s.web.servlet.DispatcherServlet        : Completed initialization in 1 ms
2024-11-14T15:50:14.006+03:00  INFO 9668 --- [makay] [MessageBroker-1] o.s.w.s.c.WebSocketMessageBrokerStats    : WebSocketSession[1 current WS(1)-HttpStream(0)-HttpPoll(0), 1 total, 0 closed abnormally (0 connect failure, 0 send limit, 0 transport error)], stompSubProtocol[processed CONNECT(1)-CONNECTED(1)-DISCONNECT(0)], stompBrokerRelay[null], inboundChannel[pool size = 24, active threads = 0, queued tasks = 0, completed tasks = 39], outboundChannel[pool size = 1, active threads = 0, queued tasks = 0, completed tasks = 1], sockJsScheduler[pool size = 1, active threads = 1, queued tasks = 0, completed tasks = 0]
2024-11-14T15:52:32.953+03:00  INFO 9668 --- [makay] [SpringApplicationShutdownHook] o.s.m.s.b.SimpleBrokerMessageHandler     : Stopping...
2024-11-14T15:52:32.953+03:00  INFO 9668 --- [makay] [SpringApplicationShutdownHook] o.s.m.s.b.SimpleBrokerMessageHandler     : BrokerAvailabilityEvent[available=false, SimpleBrokerMessageHandler [org.springframework.messaging.simp.broker.DefaultSubscriptionRegistry@536b71b4]]
2024-11-14T15:52:32.954+03:00  INFO 9668 --- [makay] [SpringApplicationShutdownHook] o.s.m.s.b.SimpleBrokerMessageHandler     : Stopped.
